<?xml version="1.0" encoding="UTF-8"?>
<testng-results ignored="0" total="1" passed="1" failed="0" skipped="0">
  <reporter-output>
  </reporter-output>
  <suite started-at="2024-05-22T11:45:17 IST" name="Suite" finished-at="2024-05-22T11:45:22 IST" duration-ms="4631">
    <groups>
    </groups>
    <test started-at="2024-05-22T11:45:17 IST" name="Test" finished-at="2024-05-22T11:45:22 IST" duration-ms="4631">
      <class name="maventest.demo.MavenDemo">
        <test-method signature="setUp()[pri:0, instance:maventest.demo.MavenDemo@49e202ad]" started-at="2024-05-22T11:45:17 IST" name="setUp" finished-at="2024-05-22T11:45:22 IST" duration-ms="4596" status="PASS">
          <reporter-output>
          </reporter-output>
        </test-method> <!-- setUp -->
      </class> <!-- maventest.demo.MavenDemo -->
    </test> <!-- Test -->
  </suite> <!-- Suite -->
</testng-results>
